morfey@compute-vm-2-2-20-ssd-1758734911005:~/sdvps-homeworks-7-01.part_2-main$ ansible-playbook -i hosts.ini configure_motd_with_vars.yml | tee "configure_motd_with_vars_2_$(date +%Y%m%d_%H%M%S).log"

PLAY [Configure MOTD using external variables] *********************************

TASK [Gathering Facts] *********************************************************
ok: [Ex1]
ok: [Ex2]

TASK [Create custom MOTD with variables] ***************************************
changed: [Ex1]
changed: [Ex2]

TASK [Reload SSH service to apply new MOTD] ************************************
changed: [Ex1]
changed: [Ex2]

TASK [Verify MOTD is readable] *************************************************
changed: [Ex1]
changed: [Ex2]

TASK [Display current MOTD] ****************************************************
ok: [Ex1] => {
    "msg": "Текущий MOTD:\n##################################################\n|\n          ╔═════════════════════════════════════════════════════════════════════════════════════════════════════╗\n          ║                    ДОБРО ПОЖАЛОВАТЬ                                                                 ║\n          ║  на сервер COMPUTE-VM-2-2-20-SSD-1758735263382               ║\n          ╚═════════════════════════════════════════════════════════════════════════════════════════════════════╝\n          \n          📊 ИНФОРМАЦИЯ О СИСТЕМЕ:\n          ────────────────────────────────────────────────────────────────\n          🖥️  Хост: compute-vm-2-2-20-ssd-1758735263382\n          🌐 IP-адрес: 10.129.0.25\n          🐧 ОС: Ubuntu 24.04\n          ⚙️  Архитектура: x86_64\n          💾 ОЗУ: 1.9 GB\n          🔄 Время работы: 4ч 6м\n          📅 Дата: 2025-09-26\n          🕐 Время: 18:35:52\n                   \n          ════════════════════════════════════════════════════════════════\n          Будьте внимательны при выполнении операций на сервере!\n          \"Хорошего дня, системный администратор! 🚀\"\n          ════════════════════════════════════════════════════════════════\n##################################################"
}
ok: [Ex2] => {
    "msg": "Текущий MOTD:\n##################################################\n|\n          ╔═════════════════════════════════════════════════════════════════════════════════════════════════════╗\n          ║                    ДОБРО ПОЖАЛОВАТЬ                                                                 ║\n          ║  на сервер COMPUTE-VM-2-2-20-SSD-1758736906379               ║\n          ╚═════════════════════════════════════════════════════════════════════════════════════════════════════╝\n          \n          📊 ИНФОРМАЦИЯ О СИСТЕМЕ:\n          ────────────────────────────────────────────────────────────────\n          🖥️  Хост: compute-vm-2-2-20-ssd-1758736906379\n          🌐 IP-адрес: 10.129.0.33\n          🐧 ОС: Ubuntu 24.04\n          ⚙️  Архитектура: x86_64\n          💾 ОЗУ: 1.9 GB\n          🔄 Время работы: 8ч 53м\n          📅 Дата: 2025-09-26\n          🕐 Время: 18:35:52\n                   \n          ════════════════════════════════════════════════════════════════\n          Будьте внимательны при выполнении операций на сервере!\n          \"Хорошего дня, системный администратор! 🚀\"\n          ════════════════════════════════════════════════════════════════\n##################################################"
}

PLAY RECAP *********************************************************************
Ex1                        : ok=5    changed=3    unreachable=0    failed=0    skipped=0    rescued=0    ignored=0   
Ex2                        : ok=5    changed=3    unreachable=0    failed=0    skipped=0    rescued=0    ignored=0   